-c	-	-
-c	-	-
-c	quay.io/biocontainers/artic:1.2.2--pyhdfd78af_0 "artic guppyplex --min-length 400 --max-length 700 --directory barcode01 --output SAMPLE_01.fastq && pigz -p 2 *.fastq"
-c	quay.io/biocontainers/artic:1.2.2--pyhdfd78af_0 "artic guppyplex --min-length 400 --max-length 700 --directory barcode02 --output SAMPLE_02.fastq && pigz -p 2 *.fastq"
-c	quay.io/biocontainers/artic:1.2.2--pyhdfd78af_0 "artic guppyplex --min-length 400 --max-length 700 --directory barcode03 --output SAMPLE_03.fastq && pigz -p 2 *.fastq"
-c	quay.io/biocontainers/artic:1.2.2--pyhdfd78af_0 "artic guppyplex --min-length 400 --max-length 700 --directory barcode04 --output SAMPLE_04.fastq && pigz -p 2 *.fastq"
-c	quay.io/biocontainers/artic:1.2.2--pyhdfd78af_0 "artic guppyplex --min-length 400 --max-length 700 --directory barcode05 --output SAMPLE_05.fastq && pigz -p 2 *.fastq"
-c	quay.io/biocontainers/artic:1.2.2--pyhdfd78af_0 "artic guppyplex --min-length 400 --max-length 700 --directory barcode06 --output SAMPLE_06.fastq && pigz -p 2 *.fastq"
-c	quay.io/biocontainers/artic:1.2.2--pyhdfd78af_0 "artic guppyplex --min-length 400 --max-length 700 --directory barcode07 --output SAMPLE_07.fastq && pigz -p 2 *.fastq"
-c	quay.io/biocontainers/artic:1.2.2--pyhdfd78af_0 "artic guppyplex --min-length 400 --max-length 700 --directory barcode08 --output SAMPLE_08.fastq && pigz -p 2 *.fastq"
-c	quay.io/biocontainers/artic:1.2.2--pyhdfd78af_0 "artic guppyplex --min-length 400 --max-length 700 --directory barcode09 --output SAMPLE_09.fastq && pigz -p 2 *.fastq"
-c	quay.io/biocontainers/artic:1.2.2--pyhdfd78af_0 "export HDF5_PLUGIN_PATH=/usr/local/lib/python3.6/site-packages/ont_fast5_api/vbz_plugin && artic minion --normalise 500  --minimap2 --threads 2 --read-file SAMPLE_01.fastq.gz --scheme-directory ./primer-schemes --scheme-version 3 --fast5-directory fast5_pass --sequencing-summary sequencing_summary.txt nCoV-2019 SAMPLE_01"
-c	quay.io/biocontainers/artic:1.2.2--pyhdfd78af_0 "export HDF5_PLUGIN_PATH=/usr/local/lib/python3.6/site-packages/ont_fast5_api/vbz_plugin && artic minion --normalise 500  --minimap2 --threads 2 --read-file SAMPLE_02.fastq.gz --scheme-directory ./primer-schemes --scheme-version 3 --fast5-directory fast5_pass --sequencing-summary sequencing_summary.txt nCoV-2019 SAMPLE_02"
-c	quay.io/biocontainers/artic:1.2.2--pyhdfd78af_0 "export HDF5_PLUGIN_PATH=/usr/local/lib/python3.6/site-packages/ont_fast5_api/vbz_plugin && artic minion --normalise 500  --minimap2 --threads 2 --read-file SAMPLE_03.fastq.gz --scheme-directory ./primer-schemes --scheme-version 3 --fast5-directory fast5_pass --sequencing-summary sequencing_summary.txt nCoV-2019 SAMPLE_03"
-c	quay.io/biocontainers/artic:1.2.2--pyhdfd78af_0 "export HDF5_PLUGIN_PATH=/usr/local/lib/python3.6/site-packages/ont_fast5_api/vbz_plugin && artic minion --normalise 500  --minimap2 --threads 2 --read-file SAMPLE_04.fastq.gz --scheme-directory ./primer-schemes --scheme-version 3 --fast5-directory fast5_pass --sequencing-summary sequencing_summary.txt nCoV-2019 SAMPLE_04"
-c	quay.io/biocontainers/artic:1.2.2--pyhdfd78af_0 "export HDF5_PLUGIN_PATH=/usr/local/lib/python3.6/site-packages/ont_fast5_api/vbz_plugin && artic minion --normalise 500  --minimap2 --threads 2 --read-file SAMPLE_05.fastq.gz --scheme-directory ./primer-schemes --scheme-version 3 --fast5-directory fast5_pass --sequencing-summary sequencing_summary.txt nCoV-2019 SAMPLE_05"
-c	quay.io/biocontainers/artic:1.2.2--pyhdfd78af_0 "export HDF5_PLUGIN_PATH=/usr/local/lib/python3.6/site-packages/ont_fast5_api/vbz_plugin && artic minion --normalise 500  --minimap2 --threads 2 --read-file SAMPLE_06.fastq.gz --scheme-directory ./primer-schemes --scheme-version 3 --fast5-directory fast5_pass --sequencing-summary sequencing_summary.txt nCoV-2019 SAMPLE_06"
-c	quay.io/biocontainers/artic:1.2.2--pyhdfd78af_0 "export HDF5_PLUGIN_PATH=/usr/local/lib/python3.6/site-packages/ont_fast5_api/vbz_plugin && artic minion --normalise 500  --minimap2 --threads 2 --read-file SAMPLE_07.fastq.gz --scheme-directory ./primer-schemes --scheme-version 3 --fast5-directory fast5_pass --sequencing-summary sequencing_summary.txt nCoV-2019 SAMPLE_07"
-c	quay.io/biocontainers/artic:1.2.2--pyhdfd78af_0 "export HDF5_PLUGIN_PATH=/usr/local/lib/python3.6/site-packages/ont_fast5_api/vbz_plugin && artic minion --normalise 500  --minimap2 --threads 2 --read-file SAMPLE_08.fastq.gz --scheme-directory ./primer-schemes --scheme-version 3 --fast5-directory fast5_pass --sequencing-summary sequencing_summary.txt nCoV-2019 SAMPLE_08"
-c	quay.io/biocontainers/artic:1.2.2--pyhdfd78af_0 "export HDF5_PLUGIN_PATH=/usr/local/lib/python3.6/site-packages/ont_fast5_api/vbz_plugin && artic minion --normalise 500  --minimap2 --threads 2 --read-file SAMPLE_09.fastq.gz --scheme-directory ./primer-schemes --scheme-version 3 --fast5-directory fast5_pass --sequencing-summary sequencing_summary.txt nCoV-2019 SAMPLE_09"
-c	quay.io/biocontainers/bcftools:1.15.1--h0ea216a_0 "bcftools query --output SAMPLE_01.bcftools_query.txt -H -f '%CHROM\t%POS\t%REF\t%ALT\t%FILTER\t%StrandSupport\n' SAMPLE_01.pass.unique.vcf.gz"
-c	quay.io/biocontainers/bcftools:1.15.1--h0ea216a_0 "bcftools query --output SAMPLE_02.bcftools_query.txt -H -f '%CHROM\t%POS\t%REF\t%ALT\t%FILTER\t%StrandSupport\n' SAMPLE_02.pass.unique.vcf.gz"
-c	quay.io/biocontainers/bcftools:1.15.1--h0ea216a_0 "bcftools query --output SAMPLE_03.bcftools_query.txt -H -f '%CHROM\t%POS\t%REF\t%ALT\t%FILTER\t%StrandSupport\n' SAMPLE_03.pass.unique.vcf.gz"
-c	quay.io/biocontainers/bcftools:1.15.1--h0ea216a_0 "bcftools query --output SAMPLE_04.bcftools_query.txt -H -f '%CHROM\t%POS\t%REF\t%ALT\t%FILTER\t%StrandSupport\n' SAMPLE_04.pass.unique.vcf.gz"
-c	quay.io/biocontainers/bcftools:1.15.1--h0ea216a_0 "bcftools query --output SAMPLE_05.bcftools_query.txt -H -f '%CHROM\t%POS\t%REF\t%ALT\t%FILTER\t%StrandSupport\n' SAMPLE_05.pass.unique.vcf.gz"
-c	quay.io/biocontainers/bcftools:1.15.1--h0ea216a_0 "bcftools query --output SAMPLE_06.bcftools_query.txt -H -f '%CHROM\t%POS\t%REF\t%ALT\t%FILTER\t%StrandSupport\n' SAMPLE_06.pass.unique.vcf.gz"
-c	quay.io/biocontainers/bcftools:1.15.1--h0ea216a_0 "bcftools query --output SAMPLE_07.bcftools_query.txt -H -f '%CHROM\t%POS\t%REF\t%ALT\t%FILTER\t%StrandSupport\n' SAMPLE_07.pass.unique.vcf.gz"
-c	quay.io/biocontainers/bcftools:1.15.1--h0ea216a_0 "bcftools query --output SAMPLE_08.bcftools_query.txt -H -f '%CHROM\t%POS\t%REF\t%ALT\t%FILTER\t%StrandSupport\n' SAMPLE_08.pass.unique.vcf.gz"
-c	quay.io/biocontainers/bcftools:1.15.1--h0ea216a_0 "bcftools query --output SAMPLE_09.bcftools_query.txt -H -f '%CHROM\t%POS\t%REF\t%ALT\t%FILTER\t%StrandSupport\n' SAMPLE_09.pass.unique.vcf.gz"
-c	quay.io/biocontainers/bcftools:1.15.1--h0ea216a_0 "bcftools stats  SAMPLE_01.pass.unique.vcf.gz > SAMPLE_01.bcftools_stats.txt"
-c	quay.io/biocontainers/bcftools:1.15.1--h0ea216a_0 "bcftools stats  SAMPLE_01.snpeff.vcf.gz > SAMPLE_01.snpeff.bcftools_stats.txt"
-c	quay.io/biocontainers/bcftools:1.15.1--h0ea216a_0 "bcftools stats  SAMPLE_02.pass.unique.vcf.gz > SAMPLE_02.bcftools_stats.txt"
-c	quay.io/biocontainers/bcftools:1.15.1--h0ea216a_0 "bcftools stats  SAMPLE_02.snpeff.vcf.gz > SAMPLE_02.snpeff.bcftools_stats.txt"
-c	quay.io/biocontainers/bcftools:1.15.1--h0ea216a_0 "bcftools stats  SAMPLE_03.pass.unique.vcf.gz > SAMPLE_03.bcftools_stats.txt"
-c	quay.io/biocontainers/bcftools:1.15.1--h0ea216a_0 "bcftools stats  SAMPLE_03.snpeff.vcf.gz > SAMPLE_03.snpeff.bcftools_stats.txt"
-c	quay.io/biocontainers/bcftools:1.15.1--h0ea216a_0 "bcftools stats  SAMPLE_04.pass.unique.vcf.gz > SAMPLE_04.bcftools_stats.txt"
-c	quay.io/biocontainers/bcftools:1.15.1--h0ea216a_0 "bcftools stats  SAMPLE_04.snpeff.vcf.gz > SAMPLE_04.snpeff.bcftools_stats.txt"
-c	quay.io/biocontainers/bcftools:1.15.1--h0ea216a_0 "bcftools stats  SAMPLE_05.pass.unique.vcf.gz > SAMPLE_05.bcftools_stats.txt"
-c	quay.io/biocontainers/bcftools:1.15.1--h0ea216a_0 "bcftools stats  SAMPLE_05.snpeff.vcf.gz > SAMPLE_05.snpeff.bcftools_stats.txt"
-c	quay.io/biocontainers/bcftools:1.15.1--h0ea216a_0 "bcftools stats  SAMPLE_06.pass.unique.vcf.gz > SAMPLE_06.bcftools_stats.txt"
-c	quay.io/biocontainers/bcftools:1.15.1--h0ea216a_0 "bcftools stats  SAMPLE_06.snpeff.vcf.gz > SAMPLE_06.snpeff.bcftools_stats.txt"
-c	quay.io/biocontainers/bcftools:1.15.1--h0ea216a_0 "bcftools stats  SAMPLE_07.pass.unique.vcf.gz > SAMPLE_07.bcftools_stats.txt"
-c	quay.io/biocontainers/bcftools:1.15.1--h0ea216a_0 "bcftools stats  SAMPLE_07.snpeff.vcf.gz > SAMPLE_07.snpeff.bcftools_stats.txt"
-c	quay.io/biocontainers/bcftools:1.15.1--h0ea216a_0 "bcftools stats  SAMPLE_08.pass.unique.vcf.gz > SAMPLE_08.bcftools_stats.txt"
-c	quay.io/biocontainers/bcftools:1.15.1--h0ea216a_0 "bcftools stats  SAMPLE_08.snpeff.vcf.gz > SAMPLE_08.snpeff.bcftools_stats.txt"
-c	quay.io/biocontainers/bcftools:1.15.1--h0ea216a_0 "bcftools stats  SAMPLE_09.pass.unique.vcf.gz > SAMPLE_09.bcftools_stats.txt"
-c	quay.io/biocontainers/bcftools:1.15.1--h0ea216a_0 "bcftools stats  SAMPLE_09.snpeff.vcf.gz > SAMPLE_09.snpeff.bcftools_stats.txt"
-c	quay.io/biocontainers/mosdepth:0.3.3--hdfd78af_1 "mosdepth --threads 2 --by nCoV-2019.primer.collapsed.bed --fast-mode --use-median --thresholds 0,1,10,50,100,500 SAMPLE_01 SAMPLE_01.primertrimmed.rg.sorted.bam"
-c	quay.io/biocontainers/mosdepth:0.3.3--hdfd78af_1 "mosdepth --threads 2 --by nCoV-2019.primer.collapsed.bed --fast-mode --use-median --thresholds 0,1,10,50,100,500 SAMPLE_02 SAMPLE_02.primertrimmed.rg.sorted.bam"
-c	quay.io/biocontainers/mosdepth:0.3.3--hdfd78af_1 "mosdepth --threads 2 --by nCoV-2019.primer.collapsed.bed --fast-mode --use-median --thresholds 0,1,10,50,100,500 SAMPLE_03 SAMPLE_03.primertrimmed.rg.sorted.bam"
-c	quay.io/biocontainers/mosdepth:0.3.3--hdfd78af_1 "mosdepth --threads 2 --by nCoV-2019.primer.collapsed.bed --fast-mode --use-median --thresholds 0,1,10,50,100,500 SAMPLE_04 SAMPLE_04.primertrimmed.rg.sorted.bam"
-c	quay.io/biocontainers/mosdepth:0.3.3--hdfd78af_1 "mosdepth --threads 2 --by nCoV-2019.primer.collapsed.bed --fast-mode --use-median --thresholds 0,1,10,50,100,500 SAMPLE_05 SAMPLE_05.primertrimmed.rg.sorted.bam"
-c	quay.io/biocontainers/mosdepth:0.3.3--hdfd78af_1 "mosdepth --threads 2 --by nCoV-2019.primer.collapsed.bed --fast-mode --use-median --thresholds 0,1,10,50,100,500 SAMPLE_06 SAMPLE_06.primertrimmed.rg.sorted.bam"
-c	quay.io/biocontainers/mosdepth:0.3.3--hdfd78af_1 "mosdepth --threads 2 --by nCoV-2019.primer.collapsed.bed --fast-mode --use-median --thresholds 0,1,10,50,100,500 SAMPLE_07 SAMPLE_07.primertrimmed.rg.sorted.bam"
-c	quay.io/biocontainers/mosdepth:0.3.3--hdfd78af_1 "mosdepth --threads 2 --by nCoV-2019.primer.collapsed.bed --fast-mode --use-median --thresholds 0,1,10,50,100,500 SAMPLE_08 SAMPLE_08.primertrimmed.rg.sorted.bam"
-c	quay.io/biocontainers/mosdepth:0.3.3--hdfd78af_1 "mosdepth --threads 2 --by nCoV-2019.primer.collapsed.bed --fast-mode --use-median --thresholds 0,1,10,50,100,500 SAMPLE_09 SAMPLE_09.primertrimmed.rg.sorted.bam"
-c	quay.io/biocontainers/mosdepth:0.3.3--hdfd78af_1 "mosdepth --threads 2 --fast-mode --by 200 SAMPLE_01 SAMPLE_01.primertrimmed.rg.sorted.bam"
-c	quay.io/biocontainers/mosdepth:0.3.3--hdfd78af_1 "mosdepth --threads 2 --fast-mode --by 200 SAMPLE_02 SAMPLE_02.primertrimmed.rg.sorted.bam"
-c	quay.io/biocontainers/mosdepth:0.3.3--hdfd78af_1 "mosdepth --threads 2 --fast-mode --by 200 SAMPLE_03 SAMPLE_03.primertrimmed.rg.sorted.bam"
-c	quay.io/biocontainers/mosdepth:0.3.3--hdfd78af_1 "mosdepth --threads 2 --fast-mode --by 200 SAMPLE_04 SAMPLE_04.primertrimmed.rg.sorted.bam"
-c	quay.io/biocontainers/mosdepth:0.3.3--hdfd78af_1 "mosdepth --threads 2 --fast-mode --by 200 SAMPLE_05 SAMPLE_05.primertrimmed.rg.sorted.bam"
-c	quay.io/biocontainers/mosdepth:0.3.3--hdfd78af_1 "mosdepth --threads 2 --fast-mode --by 200 SAMPLE_06 SAMPLE_06.primertrimmed.rg.sorted.bam"
-c	quay.io/biocontainers/mosdepth:0.3.3--hdfd78af_1 "mosdepth --threads 2 --fast-mode --by 200 SAMPLE_07 SAMPLE_07.primertrimmed.rg.sorted.bam"
-c	quay.io/biocontainers/mosdepth:0.3.3--hdfd78af_1 "mosdepth --threads 2 --fast-mode --by 200 SAMPLE_08 SAMPLE_08.primertrimmed.rg.sorted.bam"
-c	quay.io/biocontainers/mosdepth:0.3.3--hdfd78af_1 "mosdepth --threads 2 --fast-mode --by 200 SAMPLE_09 SAMPLE_09.primertrimmed.rg.sorted.bam"
-c	quay.io/biocontainers/mulled-v2-093691b47d719890dc19ac0c13c4528e9776897f:27211b8c38006480d69eb1be3ef09a7bf0a49d76-0 "zcat SAMPLE_01.pass.unique.vcf.gz | grep -v '#' \" "| awk -v FS='	' -v OFS='	' '{print $1, ($2-1), ($2)}' > variants.bed && bedtools slop -i variants.bed -g nCoV-2019.reference.fasta.sizes -b 50 > variants.slop.bed && ASCIIGenome -ni -x "trackHeight 0 bam#1 && trackHeight 50 bam@2 && readsAsPairs -on && filterVariantReads && save SAMPLE_01.%r.pdf" \" "--batchFile variants.slop.bed --fasta nCoV-2019.reference.fasta SAMPLE_01.primertrimmed.rg.sorted.bam SAMPLE_01.pass.unique.vcf.gz nCoV-2019.primer.bed GCA_009858895.3_ASM985889v3_genomic.200409.gff > /dev/null"
-c	quay.io/biocontainers/mulled-v2-093691b47d719890dc19ac0c13c4528e9776897f:27211b8c38006480d69eb1be3ef09a7bf0a49d76-0 "zcat SAMPLE_02.pass.unique.vcf.gz | grep -v '#' \" "| awk -v FS='	' -v OFS='	' '{print $1, ($2-1), ($2)}' > variants.bed && bedtools slop -i variants.bed -g nCoV-2019.reference.fasta.sizes -b 50 > variants.slop.bed && ASCIIGenome -ni -x "trackHeight 0 bam#1 && trackHeight 50 bam@2 && readsAsPairs -on && filterVariantReads && save SAMPLE_02.%r.pdf" \" "--batchFile variants.slop.bed --fasta nCoV-2019.reference.fasta SAMPLE_02.primertrimmed.rg.sorted.bam SAMPLE_02.pass.unique.vcf.gz nCoV-2019.primer.bed GCA_009858895.3_ASM985889v3_genomic.200409.gff > /dev/null"
-c	quay.io/biocontainers/mulled-v2-093691b47d719890dc19ac0c13c4528e9776897f:27211b8c38006480d69eb1be3ef09a7bf0a49d76-0 "zcat SAMPLE_03.pass.unique.vcf.gz | grep -v '#' \" "| awk -v FS='	' -v OFS='	' '{print $1, ($2-1), ($2)}' > variants.bed && bedtools slop -i variants.bed -g nCoV-2019.reference.fasta.sizes -b 50 > variants.slop.bed && ASCIIGenome -ni -x "trackHeight 0 bam#1 && trackHeight 50 bam@2 && readsAsPairs -on && filterVariantReads && save SAMPLE_03.%r.pdf" \" "--batchFile variants.slop.bed --fasta nCoV-2019.reference.fasta SAMPLE_03.primertrimmed.rg.sorted.bam SAMPLE_03.pass.unique.vcf.gz nCoV-2019.primer.bed GCA_009858895.3_ASM985889v3_genomic.200409.gff > /dev/null"
-c	quay.io/biocontainers/mulled-v2-093691b47d719890dc19ac0c13c4528e9776897f:27211b8c38006480d69eb1be3ef09a7bf0a49d76-0 "zcat SAMPLE_04.pass.unique.vcf.gz | grep -v '#' \" "| awk -v FS='	' -v OFS='	' '{print $1, ($2-1), ($2)}' > variants.bed && bedtools slop -i variants.bed -g nCoV-2019.reference.fasta.sizes -b 50 > variants.slop.bed && ASCIIGenome -ni -x "trackHeight 0 bam#1 && trackHeight 50 bam@2 && readsAsPairs -on && filterVariantReads && save SAMPLE_04.%r.pdf" \" "--batchFile variants.slop.bed --fasta nCoV-2019.reference.fasta SAMPLE_04.primertrimmed.rg.sorted.bam SAMPLE_04.pass.unique.vcf.gz nCoV-2019.primer.bed GCA_009858895.3_ASM985889v3_genomic.200409.gff > /dev/null"
-c	quay.io/biocontainers/mulled-v2-093691b47d719890dc19ac0c13c4528e9776897f:27211b8c38006480d69eb1be3ef09a7bf0a49d76-0 "zcat SAMPLE_05.pass.unique.vcf.gz | grep -v '#' \" "| awk -v FS='	' -v OFS='	' '{print $1, ($2-1), ($2)}' > variants.bed && bedtools slop -i variants.bed -g nCoV-2019.reference.fasta.sizes -b 50 > variants.slop.bed && ASCIIGenome -ni -x "trackHeight 0 bam#1 && trackHeight 50 bam@2 && readsAsPairs -on && filterVariantReads && save SAMPLE_05.%r.pdf" \" "--batchFile variants.slop.bed --fasta nCoV-2019.reference.fasta SAMPLE_05.primertrimmed.rg.sorted.bam SAMPLE_05.pass.unique.vcf.gz nCoV-2019.primer.bed GCA_009858895.3_ASM985889v3_genomic.200409.gff > /dev/null"
-c	quay.io/biocontainers/mulled-v2-093691b47d719890dc19ac0c13c4528e9776897f:27211b8c38006480d69eb1be3ef09a7bf0a49d76-0 "zcat SAMPLE_06.pass.unique.vcf.gz | grep -v '#' \" "| awk -v FS='	' -v OFS='	' '{print $1, ($2-1), ($2)}' > variants.bed && bedtools slop -i variants.bed -g nCoV-2019.reference.fasta.sizes -b 50 > variants.slop.bed && ASCIIGenome -ni -x "trackHeight 0 bam#1 && trackHeight 50 bam@2 && readsAsPairs -on && filterVariantReads && save SAMPLE_06.%r.pdf" \" "--batchFile variants.slop.bed --fasta nCoV-2019.reference.fasta SAMPLE_06.primertrimmed.rg.sorted.bam SAMPLE_06.pass.unique.vcf.gz nCoV-2019.primer.bed GCA_009858895.3_ASM985889v3_genomic.200409.gff > /dev/null"
-c	quay.io/biocontainers/mulled-v2-093691b47d719890dc19ac0c13c4528e9776897f:27211b8c38006480d69eb1be3ef09a7bf0a49d76-0 "zcat SAMPLE_07.pass.unique.vcf.gz | grep -v '#' \" "| awk -v FS='	' -v OFS='	' '{print $1, ($2-1), ($2)}' > variants.bed && bedtools slop -i variants.bed -g nCoV-2019.reference.fasta.sizes -b 50 > variants.slop.bed && ASCIIGenome -ni -x "trackHeight 0 bam#1 && trackHeight 50 bam@2 && readsAsPairs -on && filterVariantReads && save SAMPLE_07.%r.pdf" \" "--batchFile variants.slop.bed --fasta nCoV-2019.reference.fasta SAMPLE_07.primertrimmed.rg.sorted.bam SAMPLE_07.pass.unique.vcf.gz nCoV-2019.primer.bed GCA_009858895.3_ASM985889v3_genomic.200409.gff > /dev/null"
-c	quay.io/biocontainers/mulled-v2-093691b47d719890dc19ac0c13c4528e9776897f:27211b8c38006480d69eb1be3ef09a7bf0a49d76-0 "zcat SAMPLE_09.pass.unique.vcf.gz | grep -v '#' \" "| awk -v FS='	' -v OFS='	' '{print $1, ($2-1), ($2)}' > variants.bed && bedtools slop -i variants.bed -g nCoV-2019.reference.fasta.sizes -b 50 > variants.slop.bed && ASCIIGenome -ni -x "trackHeight 0 bam#1 && trackHeight 50 bam@2 && readsAsPairs -on && filterVariantReads && save SAMPLE_09.%r.pdf" \" "--batchFile variants.slop.bed --fasta nCoV-2019.reference.fasta SAMPLE_09.primertrimmed.rg.sorted.bam SAMPLE_09.pass.unique.vcf.gz nCoV-2019.primer.bed GCA_009858895.3_ASM985889v3_genomic.200409.gff > /dev/null"
-c	quay.io/biocontainers/mulled-v2-77320db00eefbbf8c599692102c3d387a37ef02a:08144a66f00dc7684fad061f1466033c0176e7ad-0 "make_variants_long_table.py --bcftools_query_dir ./bcftools_query --snpsift_dir ./snpsift --pangolin_dir ./pangolin --variant_caller nanopolish"
-c	quay.io/biocontainers/mulled-v2-ad9dd5f398966bf899ae05f8e7c54d0fb10cdfa7:05678da05b8e5a7a5130e90a9f9a6c585b965afa-0 "plot_mosdepth_regions.r --input_files SAMPLE_08.regions.bed.gz,SAMPLE_01.regions.bed.gz,SAMPLE_03.regions.bed.gz,SAMPLE_02.regions.bed.gz,SAMPLE_05.regions.bed.gz,SAMPLE_04.regions.bed.gz,SAMPLE_06.regions.bed.gz,SAMPLE_07.regions.bed.gz,SAMPLE_09.regions.bed.gz --output_dir ./ --output_suffix mosdepth --input_suffix .regions.bed.gz"
-c	quay.io/biocontainers/mulled-v2-ad9dd5f398966bf899ae05f8e7c54d0fb10cdfa7:05678da05b8e5a7a5130e90a9f9a6c585b965afa-0 "plot_mosdepth_regions.r --input_files SAMPLE_08.regions.bed.gz,SAMPLE_01.regions.bed.gz,SAMPLE_03.regions.bed.gz,SAMPLE_04.regions.bed.gz,SAMPLE_02.regions.bed.gz,SAMPLE_05.regions.bed.gz,SAMPLE_06.regions.bed.gz,SAMPLE_07.regions.bed.gz,SAMPLE_09.regions.bed.gz --output_dir ./ --output_suffix mosdepth --input_suffix .regions.bed.gz"
-c	quay.io/biocontainers/nanoplot:1.40.0--pyhdfd78af_0 "NanoPlot -t 2 --fastq SAMPLE_01.fastq.gz"
-c	quay.io/biocontainers/nanoplot:1.40.0--pyhdfd78af_0 "NanoPlot -t 2 --fastq SAMPLE_02.fastq.gz"
-c	quay.io/biocontainers/nanoplot:1.40.0--pyhdfd78af_0 "NanoPlot -t 2 --fastq SAMPLE_03.fastq.gz"
-c	quay.io/biocontainers/nanoplot:1.40.0--pyhdfd78af_0 "NanoPlot -t 2 --fastq SAMPLE_04.fastq.gz"
-c	quay.io/biocontainers/nanoplot:1.40.0--pyhdfd78af_0 "NanoPlot -t 2 --fastq SAMPLE_05.fastq.gz"
-c	quay.io/biocontainers/nanoplot:1.40.0--pyhdfd78af_0 "NanoPlot -t 2 --fastq SAMPLE_06.fastq.gz"
-c	quay.io/biocontainers/nanoplot:1.40.0--pyhdfd78af_0 "NanoPlot -t 2 --fastq SAMPLE_07.fastq.gz"
-c	quay.io/biocontainers/nanoplot:1.40.0--pyhdfd78af_0 "NanoPlot -t 2 --fastq SAMPLE_08.fastq.gz"
-c	quay.io/biocontainers/nanoplot:1.40.0--pyhdfd78af_0 "NanoPlot -t 2 --fastq SAMPLE_09.fastq.gz"
-c	quay.io/biocontainers/nextclade:2.2.0--h9ee0642_0 "nextclade run --jobs 2 --input-dataset nextclade_sars-cov-2_MN908947_2022-06-14T12_00_00Z --output-all ./ --output-basename SAMPLE_01 SAMPLE_01.consensus.fasta"
-c	quay.io/biocontainers/nextclade:2.2.0--h9ee0642_0 "nextclade run --jobs 2 --input-dataset nextclade_sars-cov-2_MN908947_2022-06-14T12_00_00Z --output-all ./ --output-basename SAMPLE_02 SAMPLE_02.consensus.fasta"
-c	quay.io/biocontainers/nextclade:2.2.0--h9ee0642_0 "nextclade run --jobs 2 --input-dataset nextclade_sars-cov-2_MN908947_2022-06-14T12_00_00Z --output-all ./ --output-basename SAMPLE_03 SAMPLE_03.consensus.fasta"
-c	quay.io/biocontainers/nextclade:2.2.0--h9ee0642_0 "nextclade run --jobs 2 --input-dataset nextclade_sars-cov-2_MN908947_2022-06-14T12_00_00Z --output-all ./ --output-basename SAMPLE_04 SAMPLE_04.consensus.fasta"
-c	quay.io/biocontainers/nextclade:2.2.0--h9ee0642_0 "nextclade run --jobs 2 --input-dataset nextclade_sars-cov-2_MN908947_2022-06-14T12_00_00Z --output-all ./ --output-basename SAMPLE_05 SAMPLE_05.consensus.fasta"
-c	quay.io/biocontainers/nextclade:2.2.0--h9ee0642_0 "nextclade run --jobs 2 --input-dataset nextclade_sars-cov-2_MN908947_2022-06-14T12_00_00Z --output-all ./ --output-basename SAMPLE_06 SAMPLE_06.consensus.fasta"
-c	quay.io/biocontainers/nextclade:2.2.0--h9ee0642_0 "nextclade run --jobs 2 --input-dataset nextclade_sars-cov-2_MN908947_2022-06-14T12_00_00Z --output-all ./ --output-basename SAMPLE_07 SAMPLE_07.consensus.fasta"
-c	quay.io/biocontainers/nextclade:2.2.0--h9ee0642_0 "nextclade run --jobs 2 --input-dataset nextclade_sars-cov-2_MN908947_2022-06-14T12_00_00Z --output-all ./ --output-basename SAMPLE_08 SAMPLE_08.consensus.fasta"
-c	quay.io/biocontainers/nextclade:2.2.0--h9ee0642_0 "nextclade run --jobs 2 --input-dataset nextclade_sars-cov-2_MN908947_2022-06-14T12_00_00Z --output-all ./ --output-basename SAMPLE_09 SAMPLE_09.consensus.fasta"
-c	quay.io/biocontainers/pangolin:4.1.1--pyhdfd78af_0 "pangolin SAMPLE_01.consensus.fasta--outfile SAMPLE_01.pangolin.csv --threads 2 \"
-c	quay.io/biocontainers/pangolin:4.1.1--pyhdfd78af_0 "pangolin SAMPLE_02.consensus.fasta--outfile SAMPLE_02.pangolin.csv --threads 2 \"
-c	quay.io/biocontainers/pangolin:4.1.1--pyhdfd78af_0 "pangolin SAMPLE_03.consensus.fasta--outfile SAMPLE_03.pangolin.csv --threads 2 \"
-c	quay.io/biocontainers/pangolin:4.1.1--pyhdfd78af_0 "pangolin SAMPLE_04.consensus.fasta--outfile SAMPLE_04.pangolin.csv --threads 2 \"
-c	quay.io/biocontainers/pangolin:4.1.1--pyhdfd78af_0 "pangolin SAMPLE_05.consensus.fasta--outfile SAMPLE_05.pangolin.csv --threads 2 \"
-c	quay.io/biocontainers/pangolin:4.1.1--pyhdfd78af_0 "pangolin SAMPLE_06.consensus.fasta--outfile SAMPLE_06.pangolin.csv --threads 2 \"
-c	quay.io/biocontainers/pangolin:4.1.1--pyhdfd78af_0 "pangolin SAMPLE_07.consensus.fasta--outfile SAMPLE_07.pangolin.csv --threads 2 \"
-c	quay.io/biocontainers/pangolin:4.1.1--pyhdfd78af_0 "pangolin SAMPLE_08.consensus.fasta--outfile SAMPLE_08.pangolin.csv --threads 2 \"
-c	quay.io/biocontainers/pangolin:4.1.1--pyhdfd78af_0 "pangolin SAMPLE_09.consensus.fasta--outfile SAMPLE_09.pangolin.csv --threads 2 \"
-c	quay.io/biocontainers/pycoqc:2.5.2--py_0 "pycoQC -f sequencing_summary.txt -o pycoqc.html -j pycoqc.json"
-c	quay.io/biocontainers/python:3.9--1 "check_samplesheet.py samplesheet_test_nanopore.csv samplesheet.valid.csv --platform nanopore"
-c	quay.io/biocontainers/python:3.9--1 "collapse_primer_bed.py --left_primer_suffix _LEFT --right_primer_suffix _RIGHT nCoV-2019.primer.bed nCoV-2019.primer.collapsed.bed"
-c	quay.io/biocontainers/quast:5.2.0--py39pl5321h2add14b_1 "quast.py --output-dir quast -r nCoV-2019.reference.fasta --features GCA_009858895.3_ASM985889v3_genomic.200409.gff --threads 2 SAMPLE_08.consensus.fasta SAMPLE_01.consensus.fasta SAMPLE_03.consensus.fasta SAMPLE_02.consensus.fasta SAMPLE_05.consensus.fasta SAMPLE_04.consensus.fasta SAMPLE_06.consensus.fasta SAMPLE_07.consensus.fasta SAMPLE_09.consensus.fasta && ln -s quast/report.tsv"
-c	quay.io/biocontainers/samtools:1.15.1--h1170115_0 "samtools faidx nCoV-2019.reference.fasta && cut -f 1,2 nCoV-2019.reference.fasta.fai > nCoV-2019.reference.fasta.sizes"
-c	quay.io/biocontainers/samtools:1.15.1--h1170115_0 "samtools flagstat --threads 1 SAMPLE_01.mapped.sorted.bam > SAMPLE_01.mapped.sorted.bam.flagstat"
-c	quay.io/biocontainers/samtools:1.15.1--h1170115_0 "samtools flagstat --threads 1 SAMPLE_02.mapped.sorted.bam > SAMPLE_02.mapped.sorted.bam.flagstat"
-c	quay.io/biocontainers/samtools:1.15.1--h1170115_0 "samtools flagstat --threads 1 SAMPLE_03.mapped.sorted.bam > SAMPLE_03.mapped.sorted.bam.flagstat"
-c	quay.io/biocontainers/samtools:1.15.1--h1170115_0 "samtools flagstat --threads 1 SAMPLE_04.mapped.sorted.bam > SAMPLE_04.mapped.sorted.bam.flagstat"
-c	quay.io/biocontainers/samtools:1.15.1--h1170115_0 "samtools flagstat --threads 1 SAMPLE_05.mapped.sorted.bam > SAMPLE_05.mapped.sorted.bam.flagstat"
-c	quay.io/biocontainers/samtools:1.15.1--h1170115_0 "samtools flagstat --threads 1 SAMPLE_06.mapped.sorted.bam > SAMPLE_06.mapped.sorted.bam.flagstat"
-c	quay.io/biocontainers/samtools:1.15.1--h1170115_0 "samtools flagstat --threads 1 SAMPLE_07.mapped.sorted.bam > SAMPLE_07.mapped.sorted.bam.flagstat"
-c	quay.io/biocontainers/samtools:1.15.1--h1170115_0 "samtools flagstat --threads 1 SAMPLE_08.mapped.sorted.bam > SAMPLE_08.mapped.sorted.bam.flagstat"
-c	quay.io/biocontainers/samtools:1.15.1--h1170115_0 "samtools flagstat --threads 1 SAMPLE_09.mapped.sorted.bam > SAMPLE_09.mapped.sorted.bam.flagstat"
-c	quay.io/biocontainers/samtools:1.15.1--h1170115_0 "samtools idxstats SAMPLE_01.mapped.sorted.bam > SAMPLE_01.mapped.sorted.bam.idxstats"
-c	quay.io/biocontainers/samtools:1.15.1--h1170115_0 "samtools idxstats SAMPLE_02.mapped.sorted.bam > SAMPLE_02.mapped.sorted.bam.idxstats"
-c	quay.io/biocontainers/samtools:1.15.1--h1170115_0 "samtools idxstats SAMPLE_03.mapped.sorted.bam > SAMPLE_03.mapped.sorted.bam.idxstats"
-c	quay.io/biocontainers/samtools:1.15.1--h1170115_0 "samtools idxstats SAMPLE_04.mapped.sorted.bam > SAMPLE_04.mapped.sorted.bam.idxstats"
-c	quay.io/biocontainers/samtools:1.15.1--h1170115_0 "samtools idxstats SAMPLE_05.mapped.sorted.bam > SAMPLE_05.mapped.sorted.bam.idxstats"
-c	quay.io/biocontainers/samtools:1.15.1--h1170115_0 "samtools idxstats SAMPLE_06.mapped.sorted.bam > SAMPLE_06.mapped.sorted.bam.idxstats"
-c	quay.io/biocontainers/samtools:1.15.1--h1170115_0 "samtools idxstats SAMPLE_07.mapped.sorted.bam > SAMPLE_07.mapped.sorted.bam.idxstats"
-c	quay.io/biocontainers/samtools:1.15.1--h1170115_0 "samtools idxstats SAMPLE_08.mapped.sorted.bam > SAMPLE_08.mapped.sorted.bam.idxstats"
-c	quay.io/biocontainers/samtools:1.15.1--h1170115_0 "samtools idxstats SAMPLE_09.mapped.sorted.bam > SAMPLE_09.mapped.sorted.bam.idxstats"
-c	quay.io/biocontainers/samtools:1.15.1--h1170115_0 "samtools index -@ 1 SAMPLE_01.mapped.sorted.bam"
-c	quay.io/biocontainers/samtools:1.15.1--h1170115_0 "samtools index -@ 1 SAMPLE_02.mapped.sorted.bam"
-c	quay.io/biocontainers/samtools:1.15.1--h1170115_0 "samtools index -@ 1 SAMPLE_03.mapped.sorted.bam"
-c	quay.io/biocontainers/samtools:1.15.1--h1170115_0 "samtools index -@ 1 SAMPLE_04.mapped.sorted.bam"
-c	quay.io/biocontainers/samtools:1.15.1--h1170115_0 "samtools index -@ 1 SAMPLE_05.mapped.sorted.bam"
-c	quay.io/biocontainers/samtools:1.15.1--h1170115_0 "samtools index -@ 1 SAMPLE_06.mapped.sorted.bam"
-c	quay.io/biocontainers/samtools:1.15.1--h1170115_0 "samtools index -@ 1 SAMPLE_07.mapped.sorted.bam"
-c	quay.io/biocontainers/samtools:1.15.1--h1170115_0 "samtools index -@ 1 SAMPLE_08.mapped.sorted.bam"
-c	quay.io/biocontainers/samtools:1.15.1--h1170115_0 "samtools index -@ 1 SAMPLE_09.mapped.sorted.bam"
-c	quay.io/biocontainers/samtools:1.15.1--h1170115_0 "samtools stats --threads 1 SAMPLE_01.mapped.sorted.bam > SAMPLE_01.mapped.sorted.bam.stats"
-c	quay.io/biocontainers/samtools:1.15.1--h1170115_0 "samtools stats --threads 1 SAMPLE_02.mapped.sorted.bam > SAMPLE_02.mapped.sorted.bam.stats"
-c	quay.io/biocontainers/samtools:1.15.1--h1170115_0 "samtools stats --threads 1 SAMPLE_03.mapped.sorted.bam > SAMPLE_03.mapped.sorted.bam.stats"
-c	quay.io/biocontainers/samtools:1.15.1--h1170115_0 "samtools stats --threads 1 SAMPLE_04.mapped.sorted.bam > SAMPLE_04.mapped.sorted.bam.stats"
-c	quay.io/biocontainers/samtools:1.15.1--h1170115_0 "samtools stats --threads 1 SAMPLE_05.mapped.sorted.bam > SAMPLE_05.mapped.sorted.bam.stats"
-c	quay.io/biocontainers/samtools:1.15.1--h1170115_0 "samtools stats --threads 1 SAMPLE_06.mapped.sorted.bam > SAMPLE_06.mapped.sorted.bam.stats"
-c	quay.io/biocontainers/samtools:1.15.1--h1170115_0 "samtools stats --threads 1 SAMPLE_07.mapped.sorted.bam > SAMPLE_07.mapped.sorted.bam.stats"
-c	quay.io/biocontainers/samtools:1.15.1--h1170115_0 "samtools stats --threads 1 SAMPLE_08.mapped.sorted.bam > SAMPLE_08.mapped.sorted.bam.stats"
-c	quay.io/biocontainers/samtools:1.15.1--h1170115_0 "samtools stats --threads 1 SAMPLE_09.mapped.sorted.bam > SAMPLE_09.mapped.sorted.bam.stats"
-c	quay.io/biocontainers/samtools:1.15.1--h1170115_0 "samtools view --threads 1 -b -F 4 SAMPLE_01.sorted.bam > SAMPLE_01.mapped.sorted.bam"
-c	quay.io/biocontainers/samtools:1.15.1--h1170115_0 "samtools view --threads 1 -b -F 4 SAMPLE_02.sorted.bam > SAMPLE_02.mapped.sorted.bam"
-c	quay.io/biocontainers/samtools:1.15.1--h1170115_0 "samtools view --threads 1 -b -F 4 SAMPLE_03.sorted.bam > SAMPLE_03.mapped.sorted.bam"
-c	quay.io/biocontainers/samtools:1.15.1--h1170115_0 "samtools view --threads 1 -b -F 4 SAMPLE_04.sorted.bam > SAMPLE_04.mapped.sorted.bam"
-c	quay.io/biocontainers/samtools:1.15.1--h1170115_0 "samtools view --threads 1 -b -F 4 SAMPLE_05.sorted.bam > SAMPLE_05.mapped.sorted.bam"
-c	quay.io/biocontainers/samtools:1.15.1--h1170115_0 "samtools view --threads 1 -b -F 4 SAMPLE_06.sorted.bam > SAMPLE_06.mapped.sorted.bam"
-c	quay.io/biocontainers/samtools:1.15.1--h1170115_0 "samtools view --threads 1 -b -F 4 SAMPLE_07.sorted.bam > SAMPLE_07.mapped.sorted.bam"
-c	quay.io/biocontainers/samtools:1.15.1--h1170115_0 "samtools view --threads 1 -b -F 4 SAMPLE_08.sorted.bam > SAMPLE_08.mapped.sorted.bam"
-c	quay.io/biocontainers/samtools:1.15.1--h1170115_0 "samtools view --threads 1 -b -F 4 SAMPLE_09.sorted.bam > SAMPLE_09.mapped.sorted.bam"
-c	quay.io/biocontainers/snpeff:5.0--hdfd78af_1 "mkdir -p snpeff_db/genomes/ && cd snpeff_db/genomes/ && ln -s ../../nCoV-2019.reference.fasta nCoV-2019.reference.fa && cd ../../ && mkdir -p snpeff_db/nCoV-2019.reference/ && cd snpeff_db/nCoV-2019.reference/ && ln -s ../../GCA_009858895.3_ASM985889v3_genomic.200409.gff genes.gff && cd ../../ && echo "nCoV-2019.reference.genome : nCoV-2019.reference" > snpeff.config && snpEff -Xmx6g build -config snpeff.config -dataDir ./snpeff_db -gff3 -v nCoV-2019.reference"
-c	quay.io/biocontainers/snpeff:5.0--hdfd78af_1 "snpEff -Xmx6g nCoV-2019.reference -config snpeff.config -dataDir snpeff_db SAMPLE_01.pass.unique.vcf.gz -csvStats SAMPLE_01.snpeff.csv > SAMPLE_01.snpeff.vcf && mv snpEff_summary.html SAMPLE_01.snpeff.summary.html"
-c	quay.io/biocontainers/snpeff:5.0--hdfd78af_1 "snpEff -Xmx6g nCoV-2019.reference -config snpeff.config -dataDir snpeff_db SAMPLE_02.pass.unique.vcf.gz -csvStats SAMPLE_02.snpeff.csv > SAMPLE_02.snpeff.vcf && mv snpEff_summary.html SAMPLE_02.snpeff.summary.html"
-c	quay.io/biocontainers/snpeff:5.0--hdfd78af_1 "snpEff -Xmx6g nCoV-2019.reference -config snpeff.config -dataDir snpeff_db SAMPLE_03.pass.unique.vcf.gz -csvStats SAMPLE_03.snpeff.csv > SAMPLE_03.snpeff.vcf && mv snpEff_summary.html SAMPLE_03.snpeff.summary.html"
-c	quay.io/biocontainers/snpeff:5.0--hdfd78af_1 "snpEff -Xmx6g nCoV-2019.reference -config snpeff.config -dataDir snpeff_db SAMPLE_04.pass.unique.vcf.gz -csvStats SAMPLE_04.snpeff.csv > SAMPLE_04.snpeff.vcf && mv snpEff_summary.html SAMPLE_04.snpeff.summary.html"
-c	quay.io/biocontainers/snpeff:5.0--hdfd78af_1 "snpEff -Xmx6g nCoV-2019.reference -config snpeff.config -dataDir snpeff_db SAMPLE_05.pass.unique.vcf.gz -csvStats SAMPLE_05.snpeff.csv > SAMPLE_05.snpeff.vcf && mv snpEff_summary.html SAMPLE_05.snpeff.summary.html"
-c	quay.io/biocontainers/snpeff:5.0--hdfd78af_1 "snpEff -Xmx6g nCoV-2019.reference -config snpeff.config -dataDir snpeff_db SAMPLE_06.pass.unique.vcf.gz -csvStats SAMPLE_06.snpeff.csv > SAMPLE_06.snpeff.vcf && mv snpEff_summary.html SAMPLE_06.snpeff.summary.html"
-c	quay.io/biocontainers/snpeff:5.0--hdfd78af_1 "snpEff -Xmx6g nCoV-2019.reference -config snpeff.config -dataDir snpeff_db SAMPLE_07.pass.unique.vcf.gz -csvStats SAMPLE_07.snpeff.csv > SAMPLE_07.snpeff.vcf && mv snpEff_summary.html SAMPLE_07.snpeff.summary.html"
-c	quay.io/biocontainers/snpeff:5.0--hdfd78af_1 "snpEff -Xmx6g nCoV-2019.reference -config snpeff.config -dataDir snpeff_db SAMPLE_08.pass.unique.vcf.gz -csvStats SAMPLE_08.snpeff.csv > SAMPLE_08.snpeff.vcf && mv snpEff_summary.html SAMPLE_08.snpeff.summary.html"
-c	quay.io/biocontainers/snpeff:5.0--hdfd78af_1 "snpEff -Xmx6g nCoV-2019.reference -config snpeff.config -dataDir snpeff_db SAMPLE_09.pass.unique.vcf.gz -csvStats SAMPLE_09.snpeff.csv > SAMPLE_09.snpeff.vcf && mv snpEff_summary.html SAMPLE_09.snpeff.summary.html"
-c	quay.io/biocontainers/snpsift:4.3.1t--hdfd78af_3 "SnpSift -Xmx6g extractFields -s "," -e "." SAMPLE_01.snpeff.vcf.gz CHROM POS REF ALT "ANN[*].GENE" "ANN[*].GENEID" "ANN[*].IMPACT" "ANN[*].EFFECT" "ANN[*].FEATURE" "ANN[*].FEATUREID" "ANN[*].BIOTYPE" "ANN[*].RANK" "ANN[*].HGVS_C" "ANN[*].HGVS_P" "ANN[*].CDNA_POS" "ANN[*].CDNA_LEN" "ANN[*].CDS_POS" "ANN[*].CDS_LEN" "ANN[*].AA_POS" "ANN[*].AA_LEN" "ANN[*].DISTANCE" "EFF[*].EFFECT" "EFF[*].FUNCLASS" "EFF[*].CODON" "EFF[*].AA" "EFF[*].AA_LEN" > SAMPLE_01.snpsift.txt"
-c	quay.io/biocontainers/snpsift:4.3.1t--hdfd78af_3 "SnpSift -Xmx6g extractFields -s "," -e "." SAMPLE_02.snpeff.vcf.gz CHROM POS REF ALT "ANN[*].GENE" "ANN[*].GENEID" "ANN[*].IMPACT" "ANN[*].EFFECT" "ANN[*].FEATURE" "ANN[*].FEATUREID" "ANN[*].BIOTYPE" "ANN[*].RANK" "ANN[*].HGVS_C" "ANN[*].HGVS_P" "ANN[*].CDNA_POS" "ANN[*].CDNA_LEN" "ANN[*].CDS_POS" "ANN[*].CDS_LEN" "ANN[*].AA_POS" "ANN[*].AA_LEN" "ANN[*].DISTANCE" "EFF[*].EFFECT" "EFF[*].FUNCLASS" "EFF[*].CODON" "EFF[*].AA" "EFF[*].AA_LEN" > SAMPLE_02.snpsift.txt"
-c	quay.io/biocontainers/snpsift:4.3.1t--hdfd78af_3 "SnpSift -Xmx6g extractFields -s "," -e "." SAMPLE_03.snpeff.vcf.gz CHROM POS REF ALT "ANN[*].GENE" "ANN[*].GENEID" "ANN[*].IMPACT" "ANN[*].EFFECT" "ANN[*].FEATURE" "ANN[*].FEATUREID" "ANN[*].BIOTYPE" "ANN[*].RANK" "ANN[*].HGVS_C" "ANN[*].HGVS_P" "ANN[*].CDNA_POS" "ANN[*].CDNA_LEN" "ANN[*].CDS_POS" "ANN[*].CDS_LEN" "ANN[*].AA_POS" "ANN[*].AA_LEN" "ANN[*].DISTANCE" "EFF[*].EFFECT" "EFF[*].FUNCLASS" "EFF[*].CODON" "EFF[*].AA" "EFF[*].AA_LEN" > SAMPLE_03.snpsift.txt"
-c	quay.io/biocontainers/snpsift:4.3.1t--hdfd78af_3 "SnpSift -Xmx6g extractFields -s "," -e "." SAMPLE_04.snpeff.vcf.gz CHROM POS REF ALT "ANN[*].GENE" "ANN[*].GENEID" "ANN[*].IMPACT" "ANN[*].EFFECT" "ANN[*].FEATURE" "ANN[*].FEATUREID" "ANN[*].BIOTYPE" "ANN[*].RANK" "ANN[*].HGVS_C" "ANN[*].HGVS_P" "ANN[*].CDNA_POS" "ANN[*].CDNA_LEN" "ANN[*].CDS_POS" "ANN[*].CDS_LEN" "ANN[*].AA_POS" "ANN[*].AA_LEN" "ANN[*].DISTANCE" "EFF[*].EFFECT" "EFF[*].FUNCLASS" "EFF[*].CODON" "EFF[*].AA" "EFF[*].AA_LEN" > SAMPLE_04.snpsift.txt"
-c	quay.io/biocontainers/snpsift:4.3.1t--hdfd78af_3 "SnpSift -Xmx6g extractFields -s "," -e "." SAMPLE_05.snpeff.vcf.gz CHROM POS REF ALT "ANN[*].GENE" "ANN[*].GENEID" "ANN[*].IMPACT" "ANN[*].EFFECT" "ANN[*].FEATURE" "ANN[*].FEATUREID" "ANN[*].BIOTYPE" "ANN[*].RANK" "ANN[*].HGVS_C" "ANN[*].HGVS_P" "ANN[*].CDNA_POS" "ANN[*].CDNA_LEN" "ANN[*].CDS_POS" "ANN[*].CDS_LEN" "ANN[*].AA_POS" "ANN[*].AA_LEN" "ANN[*].DISTANCE" "EFF[*].EFFECT" "EFF[*].FUNCLASS" "EFF[*].CODON" "EFF[*].AA" "EFF[*].AA_LEN" > SAMPLE_05.snpsift.txt"
-c	quay.io/biocontainers/snpsift:4.3.1t--hdfd78af_3 "SnpSift -Xmx6g extractFields -s "," -e "." SAMPLE_06.snpeff.vcf.gz CHROM POS REF ALT "ANN[*].GENE" "ANN[*].GENEID" "ANN[*].IMPACT" "ANN[*].EFFECT" "ANN[*].FEATURE" "ANN[*].FEATUREID" "ANN[*].BIOTYPE" "ANN[*].RANK" "ANN[*].HGVS_C" "ANN[*].HGVS_P" "ANN[*].CDNA_POS" "ANN[*].CDNA_LEN" "ANN[*].CDS_POS" "ANN[*].CDS_LEN" "ANN[*].AA_POS" "ANN[*].AA_LEN" "ANN[*].DISTANCE" "EFF[*].EFFECT" "EFF[*].FUNCLASS" "EFF[*].CODON" "EFF[*].AA" "EFF[*].AA_LEN" > SAMPLE_06.snpsift.txt"
-c	quay.io/biocontainers/snpsift:4.3.1t--hdfd78af_3 "SnpSift -Xmx6g extractFields -s "," -e "." SAMPLE_07.snpeff.vcf.gz CHROM POS REF ALT "ANN[*].GENE" "ANN[*].GENEID" "ANN[*].IMPACT" "ANN[*].EFFECT" "ANN[*].FEATURE" "ANN[*].FEATUREID" "ANN[*].BIOTYPE" "ANN[*].RANK" "ANN[*].HGVS_C" "ANN[*].HGVS_P" "ANN[*].CDNA_POS" "ANN[*].CDNA_LEN" "ANN[*].CDS_POS" "ANN[*].CDS_LEN" "ANN[*].AA_POS" "ANN[*].AA_LEN" "ANN[*].DISTANCE" "EFF[*].EFFECT" "EFF[*].FUNCLASS" "EFF[*].CODON" "EFF[*].AA" "EFF[*].AA_LEN" > SAMPLE_07.snpsift.txt"
-c	quay.io/biocontainers/snpsift:4.3.1t--hdfd78af_3 "SnpSift -Xmx6g extractFields -s "," -e "." SAMPLE_08.snpeff.vcf.gz CHROM POS REF ALT "ANN[*].GENE" "ANN[*].GENEID" "ANN[*].IMPACT" "ANN[*].EFFECT" "ANN[*].FEATURE" "ANN[*].FEATUREID" "ANN[*].BIOTYPE" "ANN[*].RANK" "ANN[*].HGVS_C" "ANN[*].HGVS_P" "ANN[*].CDNA_POS" "ANN[*].CDNA_LEN" "ANN[*].CDS_POS" "ANN[*].CDS_LEN" "ANN[*].AA_POS" "ANN[*].AA_LEN" "ANN[*].DISTANCE" "EFF[*].EFFECT" "EFF[*].FUNCLASS" "EFF[*].CODON" "EFF[*].AA" "EFF[*].AA_LEN" > SAMPLE_08.snpsift.txt"
-c	quay.io/biocontainers/snpsift:4.3.1t--hdfd78af_3 "SnpSift -Xmx6g extractFields -s "," -e "." SAMPLE_09.snpeff.vcf.gz CHROM POS REF ALT "ANN[*].GENE" "ANN[*].GENEID" "ANN[*].IMPACT" "ANN[*].EFFECT" "ANN[*].FEATURE" "ANN[*].FEATUREID" "ANN[*].BIOTYPE" "ANN[*].RANK" "ANN[*].HGVS_C" "ANN[*].HGVS_P" "ANN[*].CDNA_POS" "ANN[*].CDNA_LEN" "ANN[*].CDS_POS" "ANN[*].CDS_LEN" "ANN[*].AA_POS" "ANN[*].AA_LEN" "ANN[*].DISTANCE" "EFF[*].EFFECT" "EFF[*].FUNCLASS" "EFF[*].CODON" "EFF[*].AA" "EFF[*].AA_LEN" > SAMPLE_09.snpsift.txt"
-c	quay.io/biocontainers/tabix:1.11--hdfd78af_0 "bgzip -c  -@2 SAMPLE_01.snpeff.vcf  > SAMPLE_01.snpeff.vcf.gz"
-c	quay.io/biocontainers/tabix:1.11--hdfd78af_0 "bgzip -c  -@2 SAMPLE_02.snpeff.vcf  > SAMPLE_02.snpeff.vcf.gz"
-c	quay.io/biocontainers/tabix:1.11--hdfd78af_0 "bgzip -c  -@2 SAMPLE_03.snpeff.vcf  > SAMPLE_03.snpeff.vcf.gz"
-c	quay.io/biocontainers/tabix:1.11--hdfd78af_0 "bgzip -c  -@2 SAMPLE_04.snpeff.vcf  > SAMPLE_04.snpeff.vcf.gz"
-c	quay.io/biocontainers/tabix:1.11--hdfd78af_0 "bgzip -c  -@2 SAMPLE_05.snpeff.vcf  > SAMPLE_05.snpeff.vcf.gz"
-c	quay.io/biocontainers/tabix:1.11--hdfd78af_0 "bgzip -c  -@2 SAMPLE_06.snpeff.vcf  > SAMPLE_06.snpeff.vcf.gz"
-c	quay.io/biocontainers/tabix:1.11--hdfd78af_0 "bgzip -c  -@2 SAMPLE_07.snpeff.vcf  > SAMPLE_07.snpeff.vcf.gz"
-c	quay.io/biocontainers/tabix:1.11--hdfd78af_0 "bgzip -c  -@2 SAMPLE_08.snpeff.vcf  > SAMPLE_08.snpeff.vcf.gz"
-c	quay.io/biocontainers/tabix:1.11--hdfd78af_0 "bgzip -c  -@2 SAMPLE_09.snpeff.vcf  > SAMPLE_09.snpeff.vcf.gz"
-c	quay.io/biocontainers/tabix:1.11--hdfd78af_0 "tabix -p vcf -f SAMPLE_01.pass.unique.vcf.gz"
-c	quay.io/biocontainers/tabix:1.11--hdfd78af_0 "tabix -p vcf -f SAMPLE_01.snpeff.vcf.gz"
-c	quay.io/biocontainers/tabix:1.11--hdfd78af_0 "tabix -p vcf -f SAMPLE_02.pass.unique.vcf.gz"
-c	quay.io/biocontainers/tabix:1.11--hdfd78af_0 "tabix -p vcf -f SAMPLE_02.snpeff.vcf.gz"
-c	quay.io/biocontainers/tabix:1.11--hdfd78af_0 "tabix -p vcf -f SAMPLE_03.pass.unique.vcf.gz"
-c	quay.io/biocontainers/tabix:1.11--hdfd78af_0 "tabix -p vcf -f SAMPLE_03.snpeff.vcf.gz"
-c	quay.io/biocontainers/tabix:1.11--hdfd78af_0 "tabix -p vcf -f SAMPLE_04.pass.unique.vcf.gz"
-c	quay.io/biocontainers/tabix:1.11--hdfd78af_0 "tabix -p vcf -f SAMPLE_04.snpeff.vcf.gz"
-c	quay.io/biocontainers/tabix:1.11--hdfd78af_0 "tabix -p vcf -f SAMPLE_05.pass.unique.vcf.gz"
-c	quay.io/biocontainers/tabix:1.11--hdfd78af_0 "tabix -p vcf -f SAMPLE_05.snpeff.vcf.gz"
-c	quay.io/biocontainers/tabix:1.11--hdfd78af_0 "tabix -p vcf -f SAMPLE_06.pass.unique.vcf.gz"
-c	quay.io/biocontainers/tabix:1.11--hdfd78af_0 "tabix -p vcf -f SAMPLE_06.snpeff.vcf.gz"
-c	quay.io/biocontainers/tabix:1.11--hdfd78af_0 "tabix -p vcf -f SAMPLE_07.pass.unique.vcf.gz"
-c	quay.io/biocontainers/tabix:1.11--hdfd78af_0 "tabix -p vcf -f SAMPLE_07.snpeff.vcf.gz"
-c	quay.io/biocontainers/tabix:1.11--hdfd78af_0 "tabix -p vcf -f SAMPLE_08.pass.unique.vcf.gz"
-c	quay.io/biocontainers/tabix:1.11--hdfd78af_0 "tabix -p vcf -f SAMPLE_08.snpeff.vcf.gz"
-c	quay.io/biocontainers/tabix:1.11--hdfd78af_0 "tabix -p vcf -f SAMPLE_09.pass.unique.vcf.gz"
-c	quay.io/biocontainers/tabix:1.11--hdfd78af_0 "tabix -p vcf -f SAMPLE_09.snpeff.vcf.gz"
-c	quay.io/biocontainers/vcflib:1.0.3--hecb563c_1 "vcfuniq SAMPLE_01.pass.vcf.gz | bgzip -c -f > SAMPLE_01.pass.unique.vcf.gz"
-c	quay.io/biocontainers/vcflib:1.0.3--hecb563c_1 "vcfuniq SAMPLE_02.pass.vcf.gz | bgzip -c -f > SAMPLE_02.pass.unique.vcf.gz"
-c	quay.io/biocontainers/vcflib:1.0.3--hecb563c_1 "vcfuniq SAMPLE_03.pass.vcf.gz | bgzip -c -f > SAMPLE_03.pass.unique.vcf.gz"
-c	quay.io/biocontainers/vcflib:1.0.3--hecb563c_1 "vcfuniq SAMPLE_04.pass.vcf.gz | bgzip -c -f > SAMPLE_04.pass.unique.vcf.gz"
-c	quay.io/biocontainers/vcflib:1.0.3--hecb563c_1 "vcfuniq SAMPLE_05.pass.vcf.gz | bgzip -c -f > SAMPLE_05.pass.unique.vcf.gz"
-c	quay.io/biocontainers/vcflib:1.0.3--hecb563c_1 "vcfuniq SAMPLE_06.pass.vcf.gz | bgzip -c -f > SAMPLE_06.pass.unique.vcf.gz"
-c	quay.io/biocontainers/vcflib:1.0.3--hecb563c_1 "vcfuniq SAMPLE_07.pass.vcf.gz | bgzip -c -f > SAMPLE_07.pass.unique.vcf.gz"
-c	quay.io/biocontainers/vcflib:1.0.3--hecb563c_1 "vcfuniq SAMPLE_08.pass.vcf.gz | bgzip -c -f > SAMPLE_08.pass.unique.vcf.gz"
-c	quay.io/biocontainers/vcflib:1.0.3--hecb563c_1 "vcfuniq SAMPLE_09.pass.vcf.gz | bgzip -c -f > SAMPLE_09.pass.unique.vcf.gz"
-c	ubuntu:20.04 "gunzip -f GCA_009858895.3_ASM985889v3_genomic.200409.gff.gz"
-c	ubuntu:20.04 "mkdir output && tar -C output --strip-components 1 -xzvf nextclade_sars-cov-2_MN908947_2022-06-14T12_00_00Z.tar.gz mv output nextclade_sars-cov-2_MN908947_2022-06-14T12_00_00Z"
